c:\users\tetcos-demo system\desktop\kanak\pegasis_routing\code\dsr\debug\vc141.pdb
c:\users\tetcos-demo system\desktop\kanak\pegasis_routing\code\dsr\debug\vc141.idb
c:\users\tetcos-demo system\desktop\kanak\pegasis_routing\code\dsr\debug\sourceroute.obj
c:\users\tetcos-demo system\desktop\kanak\pegasis_routing\code\dsr\debug\sendbuffer.obj
c:\users\tetcos-demo system\desktop\kanak\pegasis_routing\code\dsr\debug\routerequest.obj
c:\users\tetcos-demo system\desktop\kanak\pegasis_routing\code\dsr\debug\routereply.obj
c:\users\tetcos-demo system\desktop\kanak\pegasis_routing\code\dsr\debug\routeerror.obj
c:\users\tetcos-demo system\desktop\kanak\pegasis_routing\code\dsr\debug\routecache.obj
c:\users\tetcos-demo system\desktop\kanak\pegasis_routing\code\dsr\debug\packetprocessing.obj
c:\users\tetcos-demo system\desktop\kanak\pegasis_routing\code\dsr\debug\network_layer_ack.obj
c:\users\tetcos-demo system\desktop\kanak\pegasis_routing\code\dsr\debug\maintbuffer.obj
c:\users\tetcos-demo system\desktop\kanak\pegasis_routing\code\dsr\debug\dynamic_clustering.obj
c:\users\tetcos-demo system\desktop\kanak\pegasis_routing\code\dsr\debug\dsr.obj
c:\users\tetcos-demo system\desktop\kanak\pegasis_routing\code\dsr\debug\checkroutefound.obj
c:\users\tetcos-demo system\desktop\desktop\kanak\pegasis_routing\code\dsr\debug\checkroutefound.obj
c:\users\tetcos-demo system\desktop\desktop\kanak\pegasis_routing\code\dsr\debug\dsr.obj
c:\users\tetcos-demo system\desktop\desktop\kanak\pegasis_routing\code\dsr\debug\dynamic_clustering.obj
c:\users\tetcos-demo system\desktop\desktop\kanak\pegasis_routing\code\dsr\debug\maintbuffer.obj
c:\users\tetcos-demo system\desktop\desktop\kanak\pegasis_routing\code\dsr\debug\network_layer_ack.obj
c:\users\tetcos-demo system\desktop\desktop\kanak\pegasis_routing\code\dsr\debug\packetprocessing.obj
c:\users\tetcos-demo system\desktop\desktop\kanak\pegasis_routing\code\dsr\debug\routecache.obj
c:\users\tetcos-demo system\desktop\desktop\kanak\pegasis_routing\code\dsr\debug\routeerror.obj
c:\users\tetcos-demo system\desktop\desktop\kanak\pegasis_routing\code\dsr\debug\routereply.obj
c:\users\tetcos-demo system\desktop\desktop\kanak\pegasis_routing\code\dsr\debug\routerequest.obj
c:\users\tetcos-demo system\desktop\desktop\kanak\pegasis_routing\code\dsr\debug\sendbuffer.obj
c:\users\tetcos-demo system\desktop\desktop\kanak\pegasis_routing\code\dsr\debug\sourceroute.obj
c:\users\tetcos-demo system\desktop\desktop\kanak\pegasis_routing\code\dsr\debug\vc141.idb
c:\users\tetcos-demo system\desktop\desktop\kanak\pegasis_routing\code\dsr\debug\vc141.pdb
c:\users\tetcos-demo system\desktop\desktop\kanak\pegasis_routing\code\dsr\debug\dsr.tlog\cl.command.1.tlog
c:\users\tetcos-demo system\desktop\desktop\kanak\pegasis_routing\code\dsr\debug\dsr.tlog\cl.read.1.tlog
c:\users\tetcos-demo system\desktop\desktop\kanak\pegasis_routing\code\dsr\debug\dsr.tlog\cl.write.1.tlog
