g:\onedrive\documents\office\pegasis_matlab\pegasis_routing\code\dsr\x64\debug\vc141.pdb
g:\onedrive\documents\office\pegasis_matlab\pegasis_routing\code\dsr\x64\debug\vc141.idb
g:\onedrive\documents\office\pegasis_matlab\pegasis_routing\code\dsr\x64\debug\sourceroute.obj
g:\onedrive\documents\office\pegasis_matlab\pegasis_routing\code\dsr\x64\debug\sendbuffer.obj
g:\onedrive\documents\office\pegasis_matlab\pegasis_routing\code\dsr\x64\debug\routerequest.obj
g:\onedrive\documents\office\pegasis_matlab\pegasis_routing\code\dsr\x64\debug\routereply.obj
g:\onedrive\documents\office\pegasis_matlab\pegasis_routing\code\dsr\x64\debug\routeerror.obj
g:\onedrive\documents\office\pegasis_matlab\pegasis_routing\code\dsr\x64\debug\routecache.obj
g:\onedrive\documents\office\pegasis_matlab\pegasis_routing\code\dsr\x64\debug\packetprocessing.obj
g:\onedrive\documents\office\pegasis_matlab\pegasis_routing\code\dsr\x64\debug\network_layer_ack.obj
g:\onedrive\documents\office\pegasis_matlab\pegasis_routing\code\dsr\x64\debug\matlab_interface.obj
g:\onedrive\documents\office\pegasis_matlab\pegasis_routing\code\dsr\x64\debug\maintbuffer.obj
g:\onedrive\documents\office\pegasis_matlab\pegasis_routing\code\dsr\x64\debug\pegasis.obj
g:\onedrive\documents\office\pegasis_matlab\pegasis_routing\code\dsr\x64\debug\dsr.obj
g:\onedrive\documents\office\pegasis_matlab\pegasis_routing\code\dsr\x64\debug\checkroutefound.obj
g:\onedrive\documents\office\pegasis_matlab\pegasis_routing\code\dll\dsr.lib
g:\onedrive\documents\office\pegasis_matlab\pegasis_routing\code\dll\dsr.exp
g:\onedrive\documents\office\pegasis_matlab\pegasis_routing\code\dll\libdsr.dll
g:\onedrive\documents\office\pegasis_matlab\pegasis_routing\code\dll\dsr.pdb
g:\onedrive\documents\office\pegasis_matlab\pegasis_routing\code\dsr\x64\debug\dsr.tlog\cl.command.1.tlog
g:\onedrive\documents\office\pegasis_matlab\pegasis_routing\code\dsr\x64\debug\dsr.tlog\cl.read.1.tlog
g:\onedrive\documents\office\pegasis_matlab\pegasis_routing\code\dsr\x64\debug\dsr.tlog\cl.write.1.tlog
g:\onedrive\documents\office\pegasis_matlab\pegasis_routing\code\dsr\x64\debug\dsr.tlog\dsr.write.1u.tlog
g:\onedrive\documents\office\pegasis_matlab\pegasis_routing\code\dsr\x64\debug\dsr.tlog\link.command.1.tlog
g:\onedrive\documents\office\pegasis_matlab\pegasis_routing\code\dsr\x64\debug\dsr.tlog\link.read.1.tlog
g:\onedrive\documents\office\pegasis_matlab\pegasis_routing\code\dsr\x64\debug\dsr.tlog\link.write.1.tlog
